C:\USERS\CCO\DESKTOP\PROJECT CG\FIRSTPROJECT\CAR_SHOWROOM\FIRSTPROJECT\DEBUG\CUBE.OBJ
C:\USERS\CCO\DESKTOP\PROJECT CG\FIRSTPROJECT\CAR_SHOWROOM\FIRSTPROJECT\DEBUG\PARK.OBJ
C:\USERS\CCO\DESKTOP\PROJECT CG\FIRSTPROJECT\CAR_SHOWROOM\FIRSTPROJECT\DEBUG\POINT.OBJ
C:\USERS\CCO\DESKTOP\PROJECT CG\FIRSTPROJECT\CAR_SHOWROOM\FIRSTPROJECT\DEBUG\SCIENCE.OBJ
C:\USERS\CCO\DESKTOP\PROJECT CG\FIRSTPROJECT\CAR_SHOWROOM\FIRSTPROJECT\DEBUG\SOURCE.OBJ
C:\USERS\CCO\DESKTOP\PROJECT CG\FIRSTPROJECT\CAR_SHOWROOM\FIRSTPROJECT\DEBUG\PRIMITIVEDRAWER.OBJ
C:\USERS\CCO\DESKTOP\PROJECT CG\FIRSTPROJECT\CAR_SHOWROOM\FIRSTPROJECT\DEBUG\TRUCK.OBJ
C:\USERS\CCO\DESKTOP\PROJECT CG\FIRSTPROJECT\CAR_SHOWROOM\FIRSTPROJECT\DEBUG\VC110.PDB
C:\Users\Cco\Desktop\Project CG\FirstProject\Car_Showroom\FirstProject\Debug\Cube.obj
C:\Users\Cco\Desktop\Project CG\FirstProject\Car_Showroom\FirstProject\Debug\Park.obj
C:\Users\Cco\Desktop\Project CG\FirstProject\Car_Showroom\FirstProject\Debug\Point.obj
C:\Users\Cco\Desktop\Project CG\FirstProject\Car_Showroom\FirstProject\Debug\PrimitiveDrawer.obj
C:\Users\Cco\Desktop\Project CG\FirstProject\Car_Showroom\FirstProject\Debug\Science.obj
C:\Users\Cco\Desktop\Project CG\FirstProject\Car_Showroom\FirstProject\Debug\Source.obj
C:\Users\Cco\Desktop\Project CG\FirstProject\Car_Showroom\FirstProject\Debug\Truck.obj
C:\Users\Cco\Desktop\Project CG\FirstProject\Car_Showroom\FirstProject\Debug\cl.command.1.tlog
C:\Users\Cco\Desktop\Project CG\FirstProject\Car_Showroom\FirstProject\Debug\CL.read.1.tlog
C:\Users\Cco\Desktop\Project CG\FirstProject\Car_Showroom\FirstProject\Debug\CL.write.1.tlog
C:\Users\Cco\Desktop\Project CG\FirstProject\Car_Showroom\FirstProject\Debug\vc110.idb
C:\Users\Cco\Desktop\Project CG\FirstProject\Car_Showroom\FirstProject\Debug\vc110.pdb
