Build started 04/01/2026 3:27:56 pm.
     1>Project "C:\Users\Cco\Desktop\Project CG\Car_Showroom\FirstProject\FirstProject.vcxproj" on node 2 (Rebuild target(s)).
     1>ClCompile:
         C:\Program Files (x86)\Microsoft Visual Studio 11.0\VC\bin\CL.exe /c /ZI /nologo /W3 /WX- /Od /Oy- /D _MBCS /Gm /EHsc /RTC1 /MDd /GS /fp:precise /Zc:wchar_t /Zc:forScope /Fo"Debug\\" /Fd"Debug\vc110.pdb" /Gd /TP /analyze- /errorReport:prompt Audio.cpp Camera.cpp Cuboid.cpp Cylinder.cpp Lake.cpp Lighting.cpp Model_3DS.cpp Outside.cpp Point.cpp SkyBox.cpp Source.cpp Texture.cpp
         Texture.cpp
     1>c:\users\cco\desktop\project cg\car_showroom\firstproject\texture.cpp(3): fatal error C1083: Cannot open include file: 'gl/stb_image.h': No such file or directory
         Source.cpp
         SkyBox.cpp
     1>c:\users\cco\desktop\project cg\car_showroom\firstproject\skybox.h(1): fatal error C1083: Cannot open include file: 'gl/glut.h': No such file or directory
         Point.cpp
         Outside.cpp
     1>c:\users\cco\desktop\project cg\car_showroom\firstproject\cuboid.h(3): fatal error C1083: Cannot open include file: 'GL/glut.h': No such file or directory
         Model_3DS.cpp
     1>c:\users\cco\desktop\project cg\car_showroom\firstproject\texture.h(2): fatal error C1083: Cannot open include file: 'gl/glut.h': No such file or directory
         Lighting.cpp
     1>c:\users\cco\desktop\project cg\car_showroom\firstproject\lighting.h(2): fatal error C1083: Cannot open include file: 'GL/glut.h': No such file or directory
         Lake.cpp
     1>c:\users\cco\desktop\project cg\car_showroom\firstproject\texture.h(2): fatal error C1083: Cannot open include file: 'gl/glut.h': No such file or directory
         Cylinder.cpp
     1>c:\users\cco\desktop\project cg\car_showroom\firstproject\cylinder.cpp(1): fatal error C1083: Cannot open include file: 'gl/glut.h': No such file or directory
         Cuboid.cpp
     1>c:\users\cco\desktop\project cg\car_showroom\firstproject\cuboid.h(3): fatal error C1083: Cannot open include file: 'GL/glut.h': No such file or directory
         Camera.cpp
     1>c:\users\cco\desktop\project cg\car_showroom\firstproject\camera.h(5): fatal error C1083: Cannot open include file: 'bits/stdc++.h': No such file or directory
         Audio.cpp
     1>c:\users\cco\desktop\project cg\car_showroom\firstproject\audio.h(3): fatal error C1083: Cannot open include file: 'al.h': No such file or directory
         Generating Code...
     1>Done Building Project "C:\Users\Cco\Desktop\Project CG\Car_Showroom\FirstProject\FirstProject.vcxproj" (Rebuild target(s)) -- FAILED.

Build FAILED.

Time Elapsed 00:00:01.21
